Using pre-set license
Built from '2020.3/staging' branch; Version is '2020.3.13f1 (71691879b7f5) revision 7432472'; Using compiler version '192528614'; Build Type 'Release'
OS: 'Windows 10 Pro; OS build 19043.1237; Version 2009; 64bit' Language: 'ko' Physical Memory: 32676 MB
BatchMode: 1, IsHumanControllingUs: 0, StartBugReporterOnCrash: 0, Is64bit: 1, IsPro: 0

 COMMAND LINE ARGUMENTS:
E:\Unity\2020.3.13f1\Editor\Unity.exe
-adb2
-batchMode
-noUpm
-name
AssetImportWorker0
-projectPath
C:/UnityProject/Study/FirstApp
-logFile
Logs/AssetImportWorker0.log
-srvPort
13191
Successfully changed project path to: C:/UnityProject/Study/FirstApp
C:/UnityProject/Study/FirstApp
Using Asset Import Pipeline V2.
Refreshing native plugins compatible for Editor in 30.94 ms, found 1 plugins.
Preloading 0 native plugins for Editor in 0.00 ms.
Initialize engine version: 2020.3.13f1 (71691879b7f5)
[Subsystems] Discovering subsystems at path E:/Unity/2020.3.13f1/Editor/Data/Resources/UnitySubsystems
[Subsystems] Discovering subsystems at path C:/UnityProject/Study/FirstApp/Assets
GfxDevice: creating device client; threaded=0
Direct3D:
    Version:  Direct3D 11.0 [level 11.1]
    Renderer: NVIDIA GeForce GTX 1060 3GB (ID=0x1b84)
    Vendor:   
    VRAM:     2988 MB
    Driver:   27.21.14.5671
Initialize mono
Mono path[0] = 'E:/Unity/2020.3.13f1/Editor/Data/Managed'
Mono path[1] = 'E:/Unity/2020.3.13f1/Editor/Data/MonoBleedingEdge/lib/mono/unityjit'
Mono config path = 'E:/Unity/2020.3.13f1/Editor/Data/MonoBleedingEdge/etc'
Using monoOptions --debugger-agent=transport=dt_socket,embedding=1,server=y,suspend=n,address=127.0.0.1:56600
Begin MonoManager ReloadAssembly
Registering precompiled unity dll's ...
Register platform support module: E:/Unity/2020.3.13f1/Editor/Data/PlaybackEngines/WindowsStandaloneSupport/UnityEditor.WindowsStandalone.Extensions.dll
Registered in 0.000676 seconds.
Native extension for WindowsStandalone target not found
Refreshing native plugins compatible for Editor in 27.02 ms, found 1 plugins.
Preloading 0 native plugins for Editor in 0.00 ms.
Mono: successfully reloaded assembly
- Completed reload, in  1.259 seconds
Platform modules already initialized, skipping
Registering precompiled user dll's ...
Registered in 0.000624 seconds.
Begin MonoManager ReloadAssembly
Native extension for WindowsStandalone target not found
Refreshing native plugins compatible for Editor in 26.01 ms, found 1 plugins.
Preloading 0 native plugins for Editor in 0.00 ms.
Mono: successfully reloaded assembly
- Completed reload, in  0.589 seconds
Platform modules already initialized, skipping
========================================================================
Worker process is ready to serve import requests
Launched and connected shader compiler UnityShaderCompiler.exe after 0.03 seconds
Refreshing native plugins compatible for Editor in 0.39 ms, found 1 plugins.
Preloading 0 native plugins for Editor in 0.00 ms.
Unloading 1499 Unused Serialized files (Serialized files now loaded: 0)
System memory in use before: 78.0 MB.
System memory in use after: 77.9 MB.

Unloading 46 unused Assets to reduce memory usage. Loaded Objects now: 1916.
Total: 1.368400 ms (FindLiveObjects: 0.098500 ms CreateObjectMapping: 0.027500 ms MarkObjects: 1.147900 ms  DeleteObjects: 0.093900 ms)

AssetImportParameters requested are different than current active one (requested -> active):
  custom:framework-win-MediaFoundation: 216162199b28c13a410421893ffa2e32 -> 
  custom:video-decoder-ogg-theora: a1e56fd34408186e4bbccfd4996cb3dc -> 
  custom:container-muxer-webm: aa71ff27fc2769a1b78a27578f13a17b -> 
  custom:container-demuxer-webm: 4f35f7cbe854078d1ac9338744f61a02 -> 
  custom:container-demuxer-ogg: 62fdf1f143b41e24485cea50d1cbac27 -> 
  custom:video-encoder-webm-vp8: eb34c28f22e8b96e1ab97ce403110664 -> 
  custom:video-decoder-webm-vp8: 9c59270c3fd7afecdb556c50c9e8de78 -> 
  custom:audio-decoder-ogg-vorbis: bf7c407c2cedff20999df2af8eb42d56 -> 
  custom:audio-encoder-webm-vorbis: bf7c407c2cedff20999df2af8eb42d56 -> 
========================================================================
Received Import Request.
  path: Assets/AdsInitializer.cs
  artifactKey: Guid(83e58a4322d853e4fb660e2085f72ce8) Importer(815301076,1909f56bfc062723c751e8b465ee728b)
Start importing Assets/AdsInitializer.cs using Guid(83e58a4322d853e4fb660e2085f72ce8) Importer(815301076,1909f56bfc062723c751e8b465ee728b)  -> (artifact id: '0f771696827bb2465c6ced97c3909661') in 0.019577 seconds 
  Import took 0.021347 seconds .

========================================================================
Received Import Request.
  Time since last request: 0.597888 seconds.
  path: Assets/BannerAdExample.cs
  artifactKey: Guid(2a3f2da08a592a7459d630a7bb53a270) Importer(815301076,1909f56bfc062723c751e8b465ee728b)
Start importing Assets/BannerAdExample.cs using Guid(2a3f2da08a592a7459d630a7bb53a270) Importer(815301076,1909f56bfc062723c751e8b465ee728b)  -> (artifact id: '5d89ec4043c9d965099cde9b9e5705e7') in 0.001967 seconds 
  Import took 0.003922 seconds .

========================================================================
Received Import Request.
  Time since last request: 0.001489 seconds.
  path: Assets/BannerAdExample.cs
  artifactKey: Guid(2a3f2da08a592a7459d630a7bb53a270) Importer(815301076,1909f56bfc062723c751e8b465ee728b)
Start importing Assets/BannerAdExample.cs using Guid(2a3f2da08a592a7459d630a7bb53a270) Importer(815301076,1909f56bfc062723c751e8b465ee728b)  -> (artifact id: '5d89ec4043c9d965099cde9b9e5705e7') in 0.001437 seconds 
  Import took 0.002837 seconds .

========================================================================
Received Import Request.
  Time since last request: 2.783243 seconds.
  path: Assets/InterstitialAdExample.cs
  artifactKey: Guid(d43ff1c3605735f408f9914d5fb2b95e) Importer(815301076,1909f56bfc062723c751e8b465ee728b)
Start importing Assets/InterstitialAdExample.cs using Guid(d43ff1c3605735f408f9914d5fb2b95e) Importer(815301076,1909f56bfc062723c751e8b465ee728b)  -> (artifact id: '618f00e7af89b6b196136474c50c8be8') in 0.001734 seconds 
  Import took 0.003451 seconds .

========================================================================
Received Import Request.
  Time since last request: 2.596861 seconds.
  path: Assets/RewardedAdsButton.cs
  artifactKey: Guid(a76682586710645418854fe104904982) Importer(815301076,1909f56bfc062723c751e8b465ee728b)
Start importing Assets/RewardedAdsButton.cs using Guid(a76682586710645418854fe104904982) Importer(815301076,1909f56bfc062723c751e8b465ee728b)  -> (artifact id: '4a3a871307fa62e6b65c0e2268e14390') in 0.001757 seconds 
  Import took 0.003403 seconds .

========================================================================
Received Import Request.
  Time since last request: 0.000494 seconds.
  path: Assets/RewardedAdsButton.cs
  artifactKey: Guid(a76682586710645418854fe104904982) Importer(815301076,1909f56bfc062723c751e8b465ee728b)
Start importing Assets/RewardedAdsButton.cs using Guid(a76682586710645418854fe104904982) Importer(815301076,1909f56bfc062723c751e8b465ee728b)  -> (artifact id: '4a3a871307fa62e6b65c0e2268e14390') in 0.001284 seconds 
  Import took 0.002429 seconds .

========================================================================
Received Import Request.
  Time since last request: 18.924723 seconds.
  path: Assets/TestButtonManager.cs
  artifactKey: Guid(95b66ca58fb220c4aaac018fd5646845) Importer(815301076,1909f56bfc062723c751e8b465ee728b)
Start importing Assets/TestButtonManager.cs using Guid(95b66ca58fb220c4aaac018fd5646845) Importer(815301076,1909f56bfc062723c751e8b465ee728b)  -> (artifact id: 'a88f839626cdc94a93a0dc5ad7d2df1a') in 0.001720 seconds 
  Import took 0.003409 seconds .

========================================================================
Received Import Request.
  Time since last request: 0.002285 seconds.
  path: Assets/TestButtonManager.cs
  artifactKey: Guid(95b66ca58fb220c4aaac018fd5646845) Importer(815301076,1909f56bfc062723c751e8b465ee728b)
Start importing Assets/TestButtonManager.cs using Guid(95b66ca58fb220c4aaac018fd5646845) Importer(815301076,1909f56bfc062723c751e8b465ee728b)  -> (artifact id: 'a88f839626cdc94a93a0dc5ad7d2df1a') in 0.001481 seconds 
  Import took 0.002924 seconds .

========================================================================
Received Prepare
Registering precompiled user dll's ...
Registered in 0.000474 seconds.
Begin MonoManager ReloadAssembly
Native extension for WindowsStandalone target not found
Refreshing native plugins compatible for Editor in 0.43 ms, found 1 plugins.
Preloading 0 native plugins for Editor in 0.00 ms.
Mono: successfully reloaded assembly
- Completed reload, in  0.558 seconds
Platform modules already initialized, skipping
Switching build target platform(19) subTarget(0) extendedPlatform(0) -> platform(13) subTarget(537395200) extendedPlatform(0)
Refreshing native plugins compatible for Editor in 0.42 ms, found 1 plugins.
Preloading 0 native plugins for Editor in 0.00 ms.
Unloading 1497 Unused Serialized files (Serialized files now loaded: 0)
System memory in use before: 77.9 MB.
System memory in use after: 77.9 MB.

Unloading 35 unused Assets to reduce memory usage. Loaded Objects now: 1919.
Total: 1.597200 ms (FindLiveObjects: 0.142900 ms CreateObjectMapping: 0.041200 ms MarkObjects: 1.327500 ms  DeleteObjects: 0.084700 ms)

AssetImportParameters requested are different than current active one (requested -> active):
  custom:framework-win-MediaFoundation: 216162199b28c13a410421893ffa2e32 -> 
  custom:video-decoder-ogg-theora: a1e56fd34408186e4bbccfd4996cb3dc -> 
  custom:container-muxer-webm: aa71ff27fc2769a1b78a27578f13a17b -> 
  custom:container-demuxer-webm: 4f35f7cbe854078d1ac9338744f61a02 -> 
  custom:container-demuxer-ogg: 62fdf1f143b41e24485cea50d1cbac27 -> 
  custom:video-encoder-webm-vp8: eb34c28f22e8b96e1ab97ce403110664 -> 
  custom:video-decoder-webm-vp8: 9c59270c3fd7afecdb556c50c9e8de78 -> 
  custom:graphics/normal-map-encoding: 01000000000000000000000000000000 -> 02000000000000000000000000000000
  custom:audio-decoder-ogg-vorbis: bf7c407c2cedff20999df2af8eb42d56 -> 
  custom:audio-encoder-webm-vorbis: bf7c407c2cedff20999df2af8eb42d56 -> 
========================================================================
Received Prepare
Registering precompiled user dll's ...
Registered in 0.000471 seconds.
Begin MonoManager ReloadAssembly
Native extension for WindowsStandalone target not found
Refreshing native plugins compatible for Editor in 0.42 ms, found 1 plugins.
Preloading 0 native plugins for Editor in 0.00 ms.
Mono: successfully reloaded assembly
- Completed reload, in  0.555 seconds
Platform modules already initialized, skipping
Switching build target platform(19) subTarget(0) extendedPlatform(0) -> platform(13) subTarget(537395200) extendedPlatform(0)
Refreshing native plugins compatible for Editor in 0.39 ms, found 1 plugins.
Preloading 0 native plugins for Editor in 0.00 ms.
Unloading 1497 Unused Serialized files (Serialized files now loaded: 0)
System memory in use before: 78.0 MB.
System memory in use after: 77.9 MB.

Unloading 35 unused Assets to reduce memory usage. Loaded Objects now: 1922.
Total: 1.603900 ms (FindLiveObjects: 0.145600 ms CreateObjectMapping: 0.037100 ms MarkObjects: 1.343500 ms  DeleteObjects: 0.076900 ms)

AssetImportParameters requested are different than current active one (requested -> active):
  custom:framework-win-MediaFoundation: 216162199b28c13a410421893ffa2e32 -> 
  custom:video-decoder-ogg-theora: a1e56fd34408186e4bbccfd4996cb3dc -> 
  custom:container-muxer-webm: aa71ff27fc2769a1b78a27578f13a17b -> 
  custom:container-demuxer-webm: 4f35f7cbe854078d1ac9338744f61a02 -> 
  custom:container-demuxer-ogg: 62fdf1f143b41e24485cea50d1cbac27 -> 
  custom:video-encoder-webm-vp8: eb34c28f22e8b96e1ab97ce403110664 -> 
  custom:video-decoder-webm-vp8: 9c59270c3fd7afecdb556c50c9e8de78 -> 
  custom:graphics/normal-map-encoding: 01000000000000000000000000000000 -> 02000000000000000000000000000000
  custom:audio-decoder-ogg-vorbis: bf7c407c2cedff20999df2af8eb42d56 -> 
  custom:audio-encoder-webm-vorbis: bf7c407c2cedff20999df2af8eb42d56 -> 
========================================================================
Received Prepare
Registering precompiled user dll's ...
Registered in 0.000495 seconds.
Begin MonoManager ReloadAssembly
Native extension for WindowsStandalone target not found
Refreshing native plugins compatible for Editor in 0.42 ms, found 1 plugins.
Preloading 0 native plugins for Editor in 0.00 ms.
Mono: successfully reloaded assembly
- Completed reload, in  0.546 seconds
Platform modules already initialized, skipping
Switching build target platform(19) subTarget(0) extendedPlatform(0) -> platform(13) subTarget(537395200) extendedPlatform(0)
Refreshing native plugins compatible for Editor in 0.41 ms, found 1 plugins.
Preloading 0 native plugins for Editor in 0.00 ms.
Unloading 1497 Unused Serialized files (Serialized files now loaded: 0)
System memory in use before: 78.0 MB.
System memory in use after: 78.0 MB.

Unloading 35 unused Assets to reduce memory usage. Loaded Objects now: 1925.
Total: 1.393100 ms (FindLiveObjects: 0.106500 ms CreateObjectMapping: 0.031600 ms MarkObjects: 1.190600 ms  DeleteObjects: 0.063800 ms)

AssetImportParameters requested are different than current active one (requested -> active):
  custom:framework-win-MediaFoundation: 216162199b28c13a410421893ffa2e32 -> 
  custom:video-decoder-ogg-theora: a1e56fd34408186e4bbccfd4996cb3dc -> 
  custom:container-muxer-webm: aa71ff27fc2769a1b78a27578f13a17b -> 
  custom:container-demuxer-webm: 4f35f7cbe854078d1ac9338744f61a02 -> 
  custom:container-demuxer-ogg: 62fdf1f143b41e24485cea50d1cbac27 -> 
  custom:video-encoder-webm-vp8: eb34c28f22e8b96e1ab97ce403110664 -> 
  custom:video-decoder-webm-vp8: 9c59270c3fd7afecdb556c50c9e8de78 -> 
  custom:graphics/normal-map-encoding: 01000000000000000000000000000000 -> 02000000000000000000000000000000
  custom:audio-decoder-ogg-vorbis: bf7c407c2cedff20999df2af8eb42d56 -> 
  custom:audio-encoder-webm-vorbis: bf7c407c2cedff20999df2af8eb42d56 -> 
========================================================================
Received Prepare
Registering precompiled user dll's ...
Registered in 0.000566 seconds.
Begin MonoManager ReloadAssembly
Native extension for WindowsStandalone target not found
Refreshing native plugins compatible for Editor in 0.48 ms, found 1 plugins.
Preloading 0 native plugins for Editor in 0.00 ms.
Mono: successfully reloaded assembly
- Completed reload, in  0.558 seconds
Platform modules already initialized, skipping
Switching build target platform(19) subTarget(0) extendedPlatform(0) -> platform(13) subTarget(537395200) extendedPlatform(0)
Refreshing native plugins compatible for Editor in 0.40 ms, found 1 plugins.
Preloading 0 native plugins for Editor in 0.00 ms.
Unloading 1497 Unused Serialized files (Serialized files now loaded: 0)
System memory in use before: 78.0 MB.
System memory in use after: 78.0 MB.

Unloading 35 unused Assets to reduce memory usage. Loaded Objects now: 1928.
Total: 1.436600 ms (FindLiveObjects: 0.137600 ms CreateObjectMapping: 0.032500 ms MarkObjects: 1.181900 ms  DeleteObjects: 0.083700 ms)

AssetImportParameters requested are different than current active one (requested -> active):
  custom:framework-win-MediaFoundation: 216162199b28c13a410421893ffa2e32 -> 
  custom:video-decoder-ogg-theora: a1e56fd34408186e4bbccfd4996cb3dc -> 
  custom:container-muxer-webm: aa71ff27fc2769a1b78a27578f13a17b -> 
  custom:container-demuxer-webm: 4f35f7cbe854078d1ac9338744f61a02 -> 
  custom:container-demuxer-ogg: 62fdf1f143b41e24485cea50d1cbac27 -> 
  custom:video-encoder-webm-vp8: eb34c28f22e8b96e1ab97ce403110664 -> 
  custom:video-decoder-webm-vp8: 9c59270c3fd7afecdb556c50c9e8de78 -> 
  custom:graphics/normal-map-encoding: 01000000000000000000000000000000 -> 02000000000000000000000000000000
  custom:audio-decoder-ogg-vorbis: bf7c407c2cedff20999df2af8eb42d56 -> 
  custom:audio-encoder-webm-vorbis: bf7c407c2cedff20999df2af8eb42d56 -> 
